2016-09-07 17:41:43 INFO [localhost-startStop-1](ContextLoader.java:305) - Root WebApplicationContext: initialization started
2016-09-07 17:41:43 INFO [localhost-startStop-1](AbstractApplicationContext.java:581) - Refreshing Root WebApplicationContext: startup date [Wed Sep 07 17:41:43 CST 2016]; root of context hierarchy
2016-09-07 17:41:43 INFO [localhost-startStop-1](XmlBeanDefinitionReader.java:317) - Loading XML bean definitions from class path resource [applicationContext.xml]
2016-09-07 17:44:02 INFO [localhost-startStop-1](ContextLoader.java:305) - Root WebApplicationContext: initialization started
2016-09-07 17:44:02 INFO [localhost-startStop-1](AbstractApplicationContext.java:581) - Refreshing Root WebApplicationContext: startup date [Wed Sep 07 17:44:02 CST 2016]; root of context hierarchy
2016-09-07 17:44:03 INFO [localhost-startStop-1](XmlBeanDefinitionReader.java:317) - Loading XML bean definitions from class path resource [applicationContext.xml]
2016-09-07 17:44:03 INFO [localhost-startStop-1](PropertiesLoaderSupport.java:172) - Loading properties file from class path resource [db.properties]
2016-09-07 17:44:04 INFO [MLog-Init-Reporter](Slf4jMLog.java:203) - MLog clients using slf4j logging.
2016-09-07 17:44:04 INFO [localhost-startStop-1](Slf4jMLog.java:203) - Initializing c3p0-0.9.5.1 [built 16-June-2015 00:06:36 -0700; debug? true; trace: 10]
2016-09-07 17:44:05 INFO [localhost-startStop-1](SystemListenerProcessor.java:31) - SystemProcessor ................, context.getApplicationContext(): Root WebApplicationContext: startup date [Wed Sep 07 17:44:02 CST 2016]; root of context hierarchy
2016-09-07 17:44:05 INFO [localhost-startStop-1](ContextLoader.java:345) - Root WebApplicationContext: initialization completed in 2814 ms
2016-09-07 17:44:05 INFO [localhost-startStop-1](FrameworkServlet.java:489) - FrameworkServlet 'blog': initialization started
2016-09-07 17:44:05 INFO [localhost-startStop-1](AbstractApplicationContext.java:581) - Refreshing WebApplicationContext for namespace 'blog-servlet': startup date [Wed Sep 07 17:44:05 CST 2016]; parent: Root WebApplicationContext
2016-09-07 17:44:05 INFO [localhost-startStop-1](XmlBeanDefinitionReader.java:317) - Loading XML bean definitions from class path resource [blog-servlet.xml]
2016-09-07 17:44:06 INFO [localhost-startStop-1](Version.java:27) - HV000001: Hibernate Validator 5.0.2.Final
2016-09-07 17:44:07 WARN [localhost-startStop-1](AbstractApplicationContext.java:549) - Exception encountered during context initialization - cancelling refresh attempt: org.springframework.beans.factory.BeanCreationException: Error creating bean with name 'org.springframework.web.servlet.mvc.annotation.AnnotationMethodHandlerAdapter#0' defined in class path resource [blog-servlet.xml]: Cannot create inner bean 'org.springframework.http.converter.json.MappingJacksonHttpMessageConverter#1ca53a7a' of type [org.springframework.http.converter.json.MappingJacksonHttpMessageConverter] while setting bean property 'messageConverters' with key [0]; nested exception is org.springframework.beans.factory.CannotLoadBeanClassException: Cannot find class [org.springframework.http.converter.json.MappingJacksonHttpMessageConverter] for bean with name 'org.springframework.http.converter.json.MappingJacksonHttpMessageConverter#1ca53a7a' defined in class path resource [blog-servlet.xml]; nested exception is java.lang.ClassNotFoundException: org.springframework.http.converter.json.MappingJacksonHttpMessageConverter
2016-09-07 17:44:07 ERROR [localhost-startStop-1](FrameworkServlet.java:502) - Context initialization failed
org.springframework.beans.factory.BeanCreationException: Error creating bean with name 'org.springframework.web.servlet.mvc.annotation.AnnotationMethodHandlerAdapter#0' defined in class path resource [blog-servlet.xml]: Cannot create inner bean 'org.springframework.http.converter.json.MappingJacksonHttpMessageConverter#1ca53a7a' of type [org.springframework.http.converter.json.MappingJacksonHttpMessageConverter] while setting bean property 'messageConverters' with key [0]; nested exception is org.springframework.beans.factory.CannotLoadBeanClassException: Cannot find class [org.springframework.http.converter.json.MappingJacksonHttpMessageConverter] for bean with name 'org.springframework.http.converter.json.MappingJacksonHttpMessageConverter#1ca53a7a' defined in class path resource [blog-servlet.xml]; nested exception is java.lang.ClassNotFoundException: org.springframework.http.converter.json.MappingJacksonHttpMessageConverter
	at org.springframework.beans.factory.support.BeanDefinitionValueResolver.resolveInnerBean(BeanDefinitionValueResolver.java:313)
	at org.springframework.beans.factory.support.BeanDefinitionValueResolver.resolveValueIfNecessary(BeanDefinitionValueResolver.java:122)
	at org.springframework.beans.factory.support.BeanDefinitionValueResolver.resolveManagedList(BeanDefinitionValueResolver.java:382)
	at org.springframework.beans.factory.support.BeanDefinitionValueResolver.resolveValueIfNecessary(BeanDefinitionValueResolver.java:157)
	at org.springframework.beans.factory.support.AbstractAutowireCapableBeanFactory.applyPropertyValues(AbstractAutowireCapableBeanFactory.java:1481)
	at org.springframework.beans.factory.support.AbstractAutowireCapableBeanFactory.populateBean(AbstractAutowireCapableBeanFactory.java:1226)
	at org.springframework.beans.factory.support.AbstractAutowireCapableBeanFactory.doCreateBean(AbstractAutowireCapableBeanFactory.java:543)
	at org.springframework.beans.factory.support.AbstractAutowireCapableBeanFactory.createBean(AbstractAutowireCapableBeanFactory.java:482)
	at org.springframework.beans.factory.support.AbstractBeanFactory$1.getObject(AbstractBeanFactory.java:306)
	at org.springframework.beans.factory.support.DefaultSingletonBeanRegistry.getSingleton(DefaultSingletonBeanRegistry.java:230)
	at org.springframework.beans.factory.support.AbstractBeanFactory.doGetBean(AbstractBeanFactory.java:302)
	at org.springframework.beans.factory.support.AbstractBeanFactory.getBean(AbstractBeanFactory.java:197)
	at org.springframework.beans.factory.support.DefaultListableBeanFactory.preInstantiateSingletons(DefaultListableBeanFactory.java:775)
	at org.springframework.context.support.AbstractApplicationContext.finishBeanFactoryInitialization(AbstractApplicationContext.java:861)
	at org.springframework.context.support.AbstractApplicationContext.refresh(AbstractApplicationContext.java:541)
	at org.springframework.web.servlet.FrameworkServlet.configureAndRefreshWebApplicationContext(FrameworkServlet.java:668)
	at org.springframework.web.servlet.FrameworkServlet.createWebApplicationContext(FrameworkServlet.java:634)
	at org.springframework.web.servlet.FrameworkServlet.createWebApplicationContext(FrameworkServlet.java:682)
	at org.springframework.web.servlet.FrameworkServlet.initWebApplicationContext(FrameworkServlet.java:553)
	at org.springframework.web.servlet.FrameworkServlet.initServletBean(FrameworkServlet.java:494)
	at org.springframework.web.servlet.HttpServletBean.init(HttpServletBean.java:136)
	at javax.servlet.GenericServlet.init(GenericServlet.java:160)
	at org.apache.catalina.core.StandardWrapper.initServlet(StandardWrapper.java:1280)
	at org.apache.catalina.core.StandardWrapper.loadServlet(StandardWrapper.java:1193)
	at org.apache.catalina.core.StandardWrapper.load(StandardWrapper.java:1088)
	at org.apache.catalina.core.StandardContext.loadOnStartup(StandardContext.java:5176)
	at org.apache.catalina.core.StandardContext.startInternal(StandardContext.java:5460)
	at org.apache.catalina.util.LifecycleBase.start(LifecycleBase.java:150)
	at org.apache.catalina.core.ContainerBase$StartChild.call(ContainerBase.java:1559)
	at org.apache.catalina.core.ContainerBase$StartChild.call(ContainerBase.java:1549)
	at java.util.concurrent.FutureTask.run(FutureTask.java:266)
	at java.util.concurrent.ThreadPoolExecutor.runWorker(ThreadPoolExecutor.java:1142)
	at java.util.concurrent.ThreadPoolExecutor$Worker.run(ThreadPoolExecutor.java:617)
	at java.lang.Thread.run(Thread.java:745)
Caused by: org.springframework.beans.factory.CannotLoadBeanClassException: Cannot find class [org.springframework.http.converter.json.MappingJacksonHttpMessageConverter] for bean with name 'org.springframework.http.converter.json.MappingJacksonHttpMessageConverter#1ca53a7a' defined in class path resource [blog-servlet.xml]; nested exception is java.lang.ClassNotFoundException: org.springframework.http.converter.json.MappingJacksonHttpMessageConverter
	at org.springframework.beans.factory.support.AbstractBeanFactory.resolveBeanClass(AbstractBeanFactory.java:1357)
	at org.springframework.beans.factory.support.AbstractAutowireCapableBeanFactory.createBean(AbstractAutowireCapableBeanFactory.java:455)
	at org.springframework.beans.factory.support.BeanDefinitionValueResolver.resolveInnerBean(BeanDefinitionValueResolver.java:299)
	... 33 more
Caused by: java.lang.ClassNotFoundException: org.springframework.http.converter.json.MappingJacksonHttpMessageConverter
	at org.apache.catalina.loader.WebappClassLoader.loadClass(WebappClassLoader.java:1702)
	at org.apache.catalina.loader.WebappClassLoader.loadClass(WebappClassLoader.java:1547)
	at org.springframework.util.ClassUtils.forName(ClassUtils.java:250)
	at org.springframework.beans.factory.support.AbstractBeanDefinition.resolveBeanClass(AbstractBeanDefinition.java:394)
	at org.springframework.beans.factory.support.AbstractBeanFactory.doResolveBeanClass(AbstractBeanFactory.java:1402)
	at org.springframework.beans.factory.support.AbstractBeanFactory.resolveBeanClass(AbstractBeanFactory.java:1349)
	... 35 more
2016-09-07 17:47:02 INFO [localhost-startStop-1](ContextLoader.java:305) - Root WebApplicationContext: initialization started
2016-09-07 17:47:03 INFO [localhost-startStop-1](AbstractApplicationContext.java:581) - Refreshing Root WebApplicationContext: startup date [Wed Sep 07 17:47:03 CST 2016]; root of context hierarchy
2016-09-07 17:47:03 INFO [localhost-startStop-1](XmlBeanDefinitionReader.java:317) - Loading XML bean definitions from class path resource [applicationContext.xml]
2016-09-07 17:47:04 INFO [localhost-startStop-1](PropertiesLoaderSupport.java:172) - Loading properties file from class path resource [db.properties]
2016-09-07 17:47:04 INFO [MLog-Init-Reporter](Slf4jMLog.java:203) - MLog clients using slf4j logging.
2016-09-07 17:47:04 INFO [localhost-startStop-1](Slf4jMLog.java:203) - Initializing c3p0-0.9.5.1 [built 16-June-2015 00:06:36 -0700; debug? true; trace: 10]
2016-09-07 17:47:05 INFO [localhost-startStop-1](SystemListenerProcessor.java:31) - SystemProcessor ................, context.getApplicationContext(): Root WebApplicationContext: startup date [Wed Sep 07 17:47:03 CST 2016]; root of context hierarchy
2016-09-07 17:47:05 INFO [localhost-startStop-1](ContextLoader.java:345) - Root WebApplicationContext: initialization completed in 2941 ms
2016-09-07 17:47:05 INFO [localhost-startStop-1](FrameworkServlet.java:489) - FrameworkServlet 'blog': initialization started
2016-09-07 17:47:05 INFO [localhost-startStop-1](AbstractApplicationContext.java:581) - Refreshing WebApplicationContext for namespace 'blog-servlet': startup date [Wed Sep 07 17:47:05 CST 2016]; parent: Root WebApplicationContext
2016-09-07 17:47:05 INFO [localhost-startStop-1](XmlBeanDefinitionReader.java:317) - Loading XML bean definitions from class path resource [blog-servlet.xml]
2016-09-07 17:47:06 INFO [localhost-startStop-1](Version.java:27) - HV000001: Hibernate Validator 5.0.2.Final
2016-09-07 17:47:07 WARN [localhost-startStop-1](AbstractApplicationContext.java:549) - Exception encountered during context initialization - cancelling refresh attempt: org.springframework.beans.factory.BeanCreationException: Error creating bean with name 'org.springframework.web.servlet.mvc.annotation.AnnotationMethodHandlerAdapter#0' defined in class path resource [blog-servlet.xml]: Initialization of bean failed; nested exception is java.lang.NoClassDefFoundError: com/fasterxml/jackson/core/JsonProcessingException
2016-09-07 17:47:07 ERROR [localhost-startStop-1](FrameworkServlet.java:502) - Context initialization failed
org.springframework.beans.factory.BeanCreationException: Error creating bean with name 'org.springframework.web.servlet.mvc.annotation.AnnotationMethodHandlerAdapter#0' defined in class path resource [blog-servlet.xml]: Initialization of bean failed; nested exception is java.lang.NoClassDefFoundError: com/fasterxml/jackson/core/JsonProcessingException
	at org.springframework.beans.factory.support.AbstractAutowireCapableBeanFactory.doCreateBean(AbstractAutowireCapableBeanFactory.java:553)
	at org.springframework.beans.factory.support.AbstractAutowireCapableBeanFactory.createBean(AbstractAutowireCapableBeanFactory.java:482)
	at org.springframework.beans.factory.support.AbstractBeanFactory$1.getObject(AbstractBeanFactory.java:306)
	at org.springframework.beans.factory.support.DefaultSingletonBeanRegistry.getSingleton(DefaultSingletonBeanRegistry.java:230)
	at org.springframework.beans.factory.support.AbstractBeanFactory.doGetBean(AbstractBeanFactory.java:302)
	at org.springframework.beans.factory.support.AbstractBeanFactory.getBean(AbstractBeanFactory.java:197)
	at org.springframework.beans.factory.support.DefaultListableBeanFactory.preInstantiateSingletons(DefaultListableBeanFactory.java:775)
	at org.springframework.context.support.AbstractApplicationContext.finishBeanFactoryInitialization(AbstractApplicationContext.java:861)
	at org.springframework.context.support.AbstractApplicationContext.refresh(AbstractApplicationContext.java:541)
	at org.springframework.web.servlet.FrameworkServlet.configureAndRefreshWebApplicationContext(FrameworkServlet.java:668)
	at org.springframework.web.servlet.FrameworkServlet.createWebApplicationContext(FrameworkServlet.java:634)
	at org.springframework.web.servlet.FrameworkServlet.createWebApplicationContext(FrameworkServlet.java:682)
	at org.springframework.web.servlet.FrameworkServlet.initWebApplicationContext(FrameworkServlet.java:553)
	at org.springframework.web.servlet.FrameworkServlet.initServletBean(FrameworkServlet.java:494)
	at org.springframework.web.servlet.HttpServletBean.init(HttpServletBean.java:136)
	at javax.servlet.GenericServlet.init(GenericServlet.java:160)
	at org.apache.catalina.core.StandardWrapper.initServlet(StandardWrapper.java:1280)
	at org.apache.catalina.core.StandardWrapper.loadServlet(StandardWrapper.java:1193)
	at org.apache.catalina.core.StandardWrapper.load(StandardWrapper.java:1088)
	at org.apache.catalina.core.StandardContext.loadOnStartup(StandardContext.java:5176)
	at org.apache.catalina.core.StandardContext.startInternal(StandardContext.java:5460)
	at org.apache.catalina.util.LifecycleBase.start(LifecycleBase.java:150)
	at org.apache.catalina.core.ContainerBase$StartChild.call(ContainerBase.java:1559)
	at org.apache.catalina.core.ContainerBase$StartChild.call(ContainerBase.java:1549)
	at java.util.concurrent.FutureTask.run(FutureTask.java:266)
	at java.util.concurrent.ThreadPoolExecutor.runWorker(ThreadPoolExecutor.java:1142)
	at java.util.concurrent.ThreadPoolExecutor$Worker.run(ThreadPoolExecutor.java:617)
	at java.lang.Thread.run(Thread.java:745)
Caused by: java.lang.NoClassDefFoundError: com/fasterxml/jackson/core/JsonProcessingException
	at java.lang.Class.getDeclaredMethods0(Native Method)
	at java.lang.Class.privateGetDeclaredMethods(Class.java:2701)
	at java.lang.Class.getDeclaredMethods(Class.java:1975)
	at org.springframework.util.ReflectionUtils.getDeclaredMethods(ReflectionUtils.java:612)
	at org.springframework.util.ReflectionUtils.doWithMethods(ReflectionUtils.java:524)
	at org.springframework.util.ReflectionUtils.doWithMethods(ReflectionUtils.java:510)
	at org.springframework.beans.factory.annotation.AutowiredAnnotationBeanPostProcessor.determineCandidateConstructors(AutowiredAnnotationBeanPostProcessor.java:244)
	at org.springframework.beans.factory.support.AbstractAutowireCapableBeanFactory.determineConstructorsFromBeanPostProcessors(AbstractAutowireCapableBeanFactory.java:1069)
	at org.springframework.beans.factory.support.AbstractAutowireCapableBeanFactory.createBeanInstance(AbstractAutowireCapableBeanFactory.java:1042)
	at org.springframework.beans.factory.support.AbstractAutowireCapableBeanFactory.doCreateBean(AbstractAutowireCapableBeanFactory.java:510)
	at org.springframework.beans.factory.support.AbstractAutowireCapableBeanFactory.createBean(AbstractAutowireCapableBeanFactory.java:482)
	at org.springframework.beans.factory.support.BeanDefinitionValueResolver.resolveInnerBean(BeanDefinitionValueResolver.java:299)
	at org.springframework.beans.factory.support.BeanDefinitionValueResolver.resolveValueIfNecessary(BeanDefinitionValueResolver.java:122)
	at org.springframework.beans.factory.support.BeanDefinitionValueResolver.resolveManagedList(BeanDefinitionValueResolver.java:382)
	at org.springframework.beans.factory.support.BeanDefinitionValueResolver.resolveValueIfNecessary(BeanDefinitionValueResolver.java:157)
	at org.springframework.beans.factory.support.AbstractAutowireCapableBeanFactory.applyPropertyValues(AbstractAutowireCapableBeanFactory.java:1481)
	at org.springframework.beans.factory.support.AbstractAutowireCapableBeanFactory.populateBean(AbstractAutowireCapableBeanFactory.java:1226)
	at org.springframework.beans.factory.support.AbstractAutowireCapableBeanFactory.doCreateBean(AbstractAutowireCapableBeanFactory.java:543)
	... 27 more
Caused by: java.lang.ClassNotFoundException: com.fasterxml.jackson.core.JsonProcessingException
	at org.apache.catalina.loader.WebappClassLoader.loadClass(WebappClassLoader.java:1702)
	at org.apache.catalina.loader.WebappClassLoader.loadClass(WebappClassLoader.java:1547)
	... 45 more
2016-09-07 17:51:58 INFO [localhost-startStop-1](ContextLoader.java:273) - Root WebApplicationContext: initialization started
2016-09-07 17:51:58 INFO [localhost-startStop-1](AbstractApplicationContext.java:510) - Refreshing Root WebApplicationContext: startup date [Wed Sep 07 17:51:58 CST 2016]; root of context hierarchy
2016-09-07 17:51:58 INFO [localhost-startStop-1](XmlBeanDefinitionReader.java:315) - Loading XML bean definitions from class path resource [applicationContext.xml]
2016-09-07 17:51:58 INFO [localhost-startStop-1](ClassPathScanningCandidateComponentProvider.java:231) - JSR-250 'javax.annotation.ManagedBean' found and supported for component scanning
2016-09-07 17:51:58 ERROR [localhost-startStop-1](ContextLoader.java:319) - Context initialization failed
org.springframework.beans.factory.BeanDefinitionStoreException: Failed to read candidate component class: file [C:\MyProject\ken\blog\src\main\webapp\WEB-INF\classes\org\bedoing\blog\commons\BrowserCache.class]; nested exception is org.springframework.core.NestedIOException: ASM ClassReader failed to parse class file - probably due to a new Java class file version that isn't supported yet: file [C:\MyProject\ken\blog\src\main\webapp\WEB-INF\classes\org\bedoing\blog\commons\BrowserCache.class]; nested exception is java.lang.IllegalArgumentException
	at org.springframework.context.annotation.ClassPathScanningCandidateComponentProvider.findCandidateComponents(ClassPathScanningCandidateComponentProvider.java:290)
	at org.springframework.context.annotation.ClassPathBeanDefinitionScanner.doScan(ClassPathBeanDefinitionScanner.java:242)
	at org.springframework.context.annotation.ComponentScanBeanDefinitionParser.parse(ComponentScanBeanDefinitionParser.java:84)
	at org.springframework.beans.factory.xml.NamespaceHandlerSupport.parse(NamespaceHandlerSupport.java:73)
	at org.springframework.beans.factory.xml.BeanDefinitionParserDelegate.parseCustomElement(BeanDefinitionParserDelegate.java:1438)
	at org.springframework.beans.factory.xml.BeanDefinitionParserDelegate.parseCustomElement(BeanDefinitionParserDelegate.java:1428)
	at org.springframework.beans.factory.xml.DefaultBeanDefinitionDocumentReader.parseBeanDefinitions(DefaultBeanDefinitionDocumentReader.java:185)
	at org.springframework.beans.factory.xml.DefaultBeanDefinitionDocumentReader.doRegisterBeanDefinitions(DefaultBeanDefinitionDocumentReader.java:139)
	at org.springframework.beans.factory.xml.DefaultBeanDefinitionDocumentReader.registerBeanDefinitions(DefaultBeanDefinitionDocumentReader.java:108)
	at org.springframework.beans.factory.xml.XmlBeanDefinitionReader.registerBeanDefinitions(XmlBeanDefinitionReader.java:493)
	at org.springframework.beans.factory.xml.XmlBeanDefinitionReader.doLoadBeanDefinitions(XmlBeanDefinitionReader.java:390)
	at org.springframework.beans.factory.xml.XmlBeanDefinitionReader.loadBeanDefinitions(XmlBeanDefinitionReader.java:334)
	at org.springframework.beans.factory.xml.XmlBeanDefinitionReader.loadBeanDefinitions(XmlBeanDefinitionReader.java:302)
	at org.springframework.beans.factory.support.AbstractBeanDefinitionReader.loadBeanDefinitions(AbstractBeanDefinitionReader.java:174)
	at org.springframework.beans.factory.support.AbstractBeanDefinitionReader.loadBeanDefinitions(AbstractBeanDefinitionReader.java:209)
	at org.springframework.beans.factory.support.AbstractBeanDefinitionReader.loadBeanDefinitions(AbstractBeanDefinitionReader.java:180)
	at org.springframework.web.context.support.XmlWebApplicationContext.loadBeanDefinitions(XmlWebApplicationContext.java:125)
	at org.springframework.web.context.support.XmlWebApplicationContext.loadBeanDefinitions(XmlWebApplicationContext.java:94)
	at org.springframework.context.support.AbstractRefreshableApplicationContext.refreshBeanFactory(AbstractRefreshableApplicationContext.java:130)
	at org.springframework.context.support.AbstractApplicationContext.obtainFreshBeanFactory(AbstractApplicationContext.java:537)
	at org.springframework.context.support.AbstractApplicationContext.refresh(AbstractApplicationContext.java:451)
	at org.springframework.web.context.ContextLoader.configureAndRefreshWebApplicationContext(ContextLoader.java:389)
	at org.springframework.web.context.ContextLoader.initWebApplicationContext(ContextLoader.java:294)
	at org.springframework.web.context.ContextLoaderListener.contextInitialized(ContextLoaderListener.java:112)
	at org.apache.catalina.core.StandardContext.listenerStart(StandardContext.java:4939)
	at org.apache.catalina.core.StandardContext.startInternal(StandardContext.java:5434)
	at org.apache.catalina.util.LifecycleBase.start(LifecycleBase.java:150)
	at org.apache.catalina.core.ContainerBase$StartChild.call(ContainerBase.java:1559)
	at org.apache.catalina.core.ContainerBase$StartChild.call(ContainerBase.java:1549)
	at java.util.concurrent.FutureTask.run(FutureTask.java:266)
	at java.util.concurrent.ThreadPoolExecutor.runWorker(ThreadPoolExecutor.java:1142)
	at java.util.concurrent.ThreadPoolExecutor$Worker.run(ThreadPoolExecutor.java:617)
	at java.lang.Thread.run(Thread.java:745)
Caused by: org.springframework.core.NestedIOException: ASM ClassReader failed to parse class file - probably due to a new Java class file version that isn't supported yet: file [C:\MyProject\ken\blog\src\main\webapp\WEB-INF\classes\org\bedoing\blog\commons\BrowserCache.class]; nested exception is java.lang.IllegalArgumentException
	at org.springframework.core.type.classreading.SimpleMetadataReader.<init>(SimpleMetadataReader.java:56)
	at org.springframework.core.type.classreading.SimpleMetadataReaderFactory.getMetadataReader(SimpleMetadataReaderFactory.java:80)
	at org.springframework.core.type.classreading.CachingMetadataReaderFactory.getMetadataReader(CachingMetadataReaderFactory.java:102)
	at org.springframework.context.annotation.ClassPathScanningCandidateComponentProvider.findCandidateComponents(ClassPathScanningCandidateComponentProvider.java:266)
	... 32 more
Caused by: java.lang.IllegalArgumentException
	at org.springframework.asm.ClassReader.<init>(Unknown Source)
	at org.springframework.asm.ClassReader.<init>(Unknown Source)
	at org.springframework.asm.ClassReader.<init>(Unknown Source)
	at org.springframework.core.type.classreading.SimpleMetadataReader.<init>(SimpleMetadataReader.java:53)
	... 35 more
2016-09-07 17:51:59 INFO [localhost-startStop-1](AbstractApplicationContext.java:1042) - Closing Root WebApplicationContext: startup date [Wed Sep 07 17:51:58 CST 2016]; root of context hierarchy
2016-09-07 17:51:59 WARN [localhost-startStop-1](AbstractApplicationContext.java:1052) - Exception thrown from ApplicationListener handling ContextClosedEvent
java.lang.IllegalStateException: ApplicationEventMulticaster not initialized - call 'refresh' before multicasting events via the context: Root WebApplicationContext: startup date [Wed Sep 07 17:51:58 CST 2016]; root of context hierarchy
	at org.springframework.context.support.AbstractApplicationContext.getApplicationEventMulticaster(AbstractApplicationContext.java:347)
	at org.springframework.context.support.AbstractApplicationContext.publishEvent(AbstractApplicationContext.java:334)
	at org.springframework.context.support.AbstractApplicationContext.doClose(AbstractApplicationContext.java:1049)
	at org.springframework.context.support.AbstractApplicationContext.close(AbstractApplicationContext.java:1010)
	at org.springframework.web.context.ContextLoader.closeWebApplicationContext(ContextLoader.java:559)
	at org.springframework.web.context.ContextLoaderListener.contextDestroyed(ContextLoaderListener.java:143)
	at org.apache.catalina.core.StandardContext.listenerStop(StandardContext.java:4980)
	at org.apache.catalina.core.StandardContext.stopInternal(StandardContext.java:5626)
	at org.apache.catalina.util.LifecycleBase.stop(LifecycleBase.java:232)
	at org.apache.catalina.util.LifecycleBase.start(LifecycleBase.java:160)
	at org.apache.catalina.core.ContainerBase$StartChild.call(ContainerBase.java:1559)
	at org.apache.catalina.core.ContainerBase$StartChild.call(ContainerBase.java:1549)
	at java.util.concurrent.FutureTask.run(FutureTask.java:266)
	at java.util.concurrent.ThreadPoolExecutor.runWorker(ThreadPoolExecutor.java:1142)
	at java.util.concurrent.ThreadPoolExecutor$Worker.run(ThreadPoolExecutor.java:617)
	at java.lang.Thread.run(Thread.java:745)
2016-09-07 17:51:59 WARN [localhost-startStop-1](AbstractApplicationContext.java:1060) - Exception thrown from LifecycleProcessor on context close
java.lang.IllegalStateException: LifecycleProcessor not initialized - call 'refresh' before invoking lifecycle methods via the context: Root WebApplicationContext: startup date [Wed Sep 07 17:51:58 CST 2016]; root of context hierarchy
	at org.springframework.context.support.AbstractApplicationContext.getLifecycleProcessor(AbstractApplicationContext.java:360)
	at org.springframework.context.support.AbstractApplicationContext.doClose(AbstractApplicationContext.java:1057)
	at org.springframework.context.support.AbstractApplicationContext.close(AbstractApplicationContext.java:1010)
	at org.springframework.web.context.ContextLoader.closeWebApplicationContext(ContextLoader.java:559)
	at org.springframework.web.context.ContextLoaderListener.contextDestroyed(ContextLoaderListener.java:143)
	at org.apache.catalina.core.StandardContext.listenerStop(StandardContext.java:4980)
	at org.apache.catalina.core.StandardContext.stopInternal(StandardContext.java:5626)
	at org.apache.catalina.util.LifecycleBase.stop(LifecycleBase.java:232)
	at org.apache.catalina.util.LifecycleBase.start(LifecycleBase.java:160)
	at org.apache.catalina.core.ContainerBase$StartChild.call(ContainerBase.java:1559)
	at org.apache.catalina.core.ContainerBase$StartChild.call(ContainerBase.java:1549)
	at java.util.concurrent.FutureTask.run(FutureTask.java:266)
	at java.util.concurrent.ThreadPoolExecutor.runWorker(ThreadPoolExecutor.java:1142)
	at java.util.concurrent.ThreadPoolExecutor$Worker.run(ThreadPoolExecutor.java:617)
	at java.lang.Thread.run(Thread.java:745)
2016-09-07 17:53:17 INFO [localhost-startStop-1](ContextLoader.java:273) - Root WebApplicationContext: initialization started
2016-09-07 17:53:17 INFO [localhost-startStop-1](AbstractApplicationContext.java:510) - Refreshing Root WebApplicationContext: startup date [Wed Sep 07 17:53:17 CST 2016]; root of context hierarchy
2016-09-07 17:53:17 INFO [localhost-startStop-1](XmlBeanDefinitionReader.java:315) - Loading XML bean definitions from class path resource [applicationContext.xml]
2016-09-07 17:53:17 INFO [localhost-startStop-1](ClassPathScanningCandidateComponentProvider.java:231) - JSR-250 'javax.annotation.ManagedBean' found and supported for component scanning
2016-09-07 17:53:17 ERROR [localhost-startStop-1](ContextLoader.java:319) - Context initialization failed
org.springframework.beans.factory.BeanDefinitionStoreException: Failed to read candidate component class: file [C:\MyProject\ken\blog\src\main\webapp\WEB-INF\classes\org\bedoing\blog\commons\BrowserCache.class]; nested exception is org.springframework.core.NestedIOException: ASM ClassReader failed to parse class file - probably due to a new Java class file version that isn't supported yet: file [C:\MyProject\ken\blog\src\main\webapp\WEB-INF\classes\org\bedoing\blog\commons\BrowserCache.class]; nested exception is java.lang.IllegalArgumentException
	at org.springframework.context.annotation.ClassPathScanningCandidateComponentProvider.findCandidateComponents(ClassPathScanningCandidateComponentProvider.java:290)
	at org.springframework.context.annotation.ClassPathBeanDefinitionScanner.doScan(ClassPathBeanDefinitionScanner.java:242)
	at org.springframework.context.annotation.ComponentScanBeanDefinitionParser.parse(ComponentScanBeanDefinitionParser.java:84)
	at org.springframework.beans.factory.xml.NamespaceHandlerSupport.parse(NamespaceHandlerSupport.java:73)
	at org.springframework.beans.factory.xml.BeanDefinitionParserDelegate.parseCustomElement(BeanDefinitionParserDelegate.java:1438)
	at org.springframework.beans.factory.xml.BeanDefinitionParserDelegate.parseCustomElement(BeanDefinitionParserDelegate.java:1428)
	at org.springframework.beans.factory.xml.DefaultBeanDefinitionDocumentReader.parseBeanDefinitions(DefaultBeanDefinitionDocumentReader.java:185)
	at org.springframework.beans.factory.xml.DefaultBeanDefinitionDocumentReader.doRegisterBeanDefinitions(DefaultBeanDefinitionDocumentReader.java:139)
	at org.springframework.beans.factory.xml.DefaultBeanDefinitionDocumentReader.registerBeanDefinitions(DefaultBeanDefinitionDocumentReader.java:108)
	at org.springframework.beans.factory.xml.XmlBeanDefinitionReader.registerBeanDefinitions(XmlBeanDefinitionReader.java:493)
	at org.springframework.beans.factory.xml.XmlBeanDefinitionReader.doLoadBeanDefinitions(XmlBeanDefinitionReader.java:390)
	at org.springframework.beans.factory.xml.XmlBeanDefinitionReader.loadBeanDefinitions(XmlBeanDefinitionReader.java:334)
	at org.springframework.beans.factory.xml.XmlBeanDefinitionReader.loadBeanDefinitions(XmlBeanDefinitionReader.java:302)
	at org.springframework.beans.factory.support.AbstractBeanDefinitionReader.loadBeanDefinitions(AbstractBeanDefinitionReader.java:174)
	at org.springframework.beans.factory.support.AbstractBeanDefinitionReader.loadBeanDefinitions(AbstractBeanDefinitionReader.java:209)
	at org.springframework.beans.factory.support.AbstractBeanDefinitionReader.loadBeanDefinitions(AbstractBeanDefinitionReader.java:180)
	at org.springframework.web.context.support.XmlWebApplicationContext.loadBeanDefinitions(XmlWebApplicationContext.java:125)
	at org.springframework.web.context.support.XmlWebApplicationContext.loadBeanDefinitions(XmlWebApplicationContext.java:94)
	at org.springframework.context.support.AbstractRefreshableApplicationContext.refreshBeanFactory(AbstractRefreshableApplicationContext.java:130)
	at org.springframework.context.support.AbstractApplicationContext.obtainFreshBeanFactory(AbstractApplicationContext.java:537)
	at org.springframework.context.support.AbstractApplicationContext.refresh(AbstractApplicationContext.java:451)
	at org.springframework.web.context.ContextLoader.configureAndRefreshWebApplicationContext(ContextLoader.java:389)
	at org.springframework.web.context.ContextLoader.initWebApplicationContext(ContextLoader.java:294)
	at org.springframework.web.context.ContextLoaderListener.contextInitialized(ContextLoaderListener.java:112)
	at org.apache.catalina.core.StandardContext.listenerStart(StandardContext.java:4939)
	at org.apache.catalina.core.StandardContext.startInternal(StandardContext.java:5434)
	at org.apache.catalina.util.LifecycleBase.start(LifecycleBase.java:150)
	at org.apache.catalina.core.ContainerBase$StartChild.call(ContainerBase.java:1559)
	at org.apache.catalina.core.ContainerBase$StartChild.call(ContainerBase.java:1549)
	at java.util.concurrent.FutureTask.run(FutureTask.java:266)
	at java.util.concurrent.ThreadPoolExecutor.runWorker(ThreadPoolExecutor.java:1142)
	at java.util.concurrent.ThreadPoolExecutor$Worker.run(ThreadPoolExecutor.java:617)
	at java.lang.Thread.run(Thread.java:745)
Caused by: org.springframework.core.NestedIOException: ASM ClassReader failed to parse class file - probably due to a new Java class file version that isn't supported yet: file [C:\MyProject\ken\blog\src\main\webapp\WEB-INF\classes\org\bedoing\blog\commons\BrowserCache.class]; nested exception is java.lang.IllegalArgumentException
	at org.springframework.core.type.classreading.SimpleMetadataReader.<init>(SimpleMetadataReader.java:56)
	at org.springframework.core.type.classreading.SimpleMetadataReaderFactory.getMetadataReader(SimpleMetadataReaderFactory.java:80)
	at org.springframework.core.type.classreading.CachingMetadataReaderFactory.getMetadataReader(CachingMetadataReaderFactory.java:102)
	at org.springframework.context.annotation.ClassPathScanningCandidateComponentProvider.findCandidateComponents(ClassPathScanningCandidateComponentProvider.java:266)
	... 32 more
Caused by: java.lang.IllegalArgumentException
	at org.springframework.asm.ClassReader.<init>(Unknown Source)
	at org.springframework.asm.ClassReader.<init>(Unknown Source)
	at org.springframework.asm.ClassReader.<init>(Unknown Source)
	at org.springframework.core.type.classreading.SimpleMetadataReader.<init>(SimpleMetadataReader.java:53)
	... 35 more
2016-09-07 17:53:17 INFO [localhost-startStop-1](AbstractApplicationContext.java:1042) - Closing Root WebApplicationContext: startup date [Wed Sep 07 17:53:17 CST 2016]; root of context hierarchy
2016-09-07 17:53:17 WARN [localhost-startStop-1](AbstractApplicationContext.java:1052) - Exception thrown from ApplicationListener handling ContextClosedEvent
java.lang.IllegalStateException: ApplicationEventMulticaster not initialized - call 'refresh' before multicasting events via the context: Root WebApplicationContext: startup date [Wed Sep 07 17:53:17 CST 2016]; root of context hierarchy
	at org.springframework.context.support.AbstractApplicationContext.getApplicationEventMulticaster(AbstractApplicationContext.java:347)
	at org.springframework.context.support.AbstractApplicationContext.publishEvent(AbstractApplicationContext.java:334)
	at org.springframework.context.support.AbstractApplicationContext.doClose(AbstractApplicationContext.java:1049)
	at org.springframework.context.support.AbstractApplicationContext.close(AbstractApplicationContext.java:1010)
	at org.springframework.web.context.ContextLoader.closeWebApplicationContext(ContextLoader.java:559)
	at org.springframework.web.context.ContextLoaderListener.contextDestroyed(ContextLoaderListener.java:143)
	at org.apache.catalina.core.StandardContext.listenerStop(StandardContext.java:4980)
	at org.apache.catalina.core.StandardContext.stopInternal(StandardContext.java:5626)
	at org.apache.catalina.util.LifecycleBase.stop(LifecycleBase.java:232)
	at org.apache.catalina.util.LifecycleBase.start(LifecycleBase.java:160)
	at org.apache.catalina.core.ContainerBase$StartChild.call(ContainerBase.java:1559)
	at org.apache.catalina.core.ContainerBase$StartChild.call(ContainerBase.java:1549)
	at java.util.concurrent.FutureTask.run(FutureTask.java:266)
	at java.util.concurrent.ThreadPoolExecutor.runWorker(ThreadPoolExecutor.java:1142)
	at java.util.concurrent.ThreadPoolExecutor$Worker.run(ThreadPoolExecutor.java:617)
	at java.lang.Thread.run(Thread.java:745)
2016-09-07 17:53:17 WARN [localhost-startStop-1](AbstractApplicationContext.java:1060) - Exception thrown from LifecycleProcessor on context close
java.lang.IllegalStateException: LifecycleProcessor not initialized - call 'refresh' before invoking lifecycle methods via the context: Root WebApplicationContext: startup date [Wed Sep 07 17:53:17 CST 2016]; root of context hierarchy
	at org.springframework.context.support.AbstractApplicationContext.getLifecycleProcessor(AbstractApplicationContext.java:360)
	at org.springframework.context.support.AbstractApplicationContext.doClose(AbstractApplicationContext.java:1057)
	at org.springframework.context.support.AbstractApplicationContext.close(AbstractApplicationContext.java:1010)
	at org.springframework.web.context.ContextLoader.closeWebApplicationContext(ContextLoader.java:559)
	at org.springframework.web.context.ContextLoaderListener.contextDestroyed(ContextLoaderListener.java:143)
	at org.apache.catalina.core.StandardContext.listenerStop(StandardContext.java:4980)
	at org.apache.catalina.core.StandardContext.stopInternal(StandardContext.java:5626)
	at org.apache.catalina.util.LifecycleBase.stop(LifecycleBase.java:232)
	at org.apache.catalina.util.LifecycleBase.start(LifecycleBase.java:160)
	at org.apache.catalina.core.ContainerBase$StartChild.call(ContainerBase.java:1559)
	at org.apache.catalina.core.ContainerBase$StartChild.call(ContainerBase.java:1549)
	at java.util.concurrent.FutureTask.run(FutureTask.java:266)
	at java.util.concurrent.ThreadPoolExecutor.runWorker(ThreadPoolExecutor.java:1142)
	at java.util.concurrent.ThreadPoolExecutor$Worker.run(ThreadPoolExecutor.java:617)
	at java.lang.Thread.run(Thread.java:745)
2016-09-07 17:55:01 INFO [localhost-startStop-1](ContextLoader.java:273) - Root WebApplicationContext: initialization started
2016-09-07 17:55:01 INFO [localhost-startStop-1](AbstractApplicationContext.java:510) - Refreshing Root WebApplicationContext: startup date [Wed Sep 07 17:55:01 CST 2016]; root of context hierarchy
2016-09-07 17:55:02 INFO [localhost-startStop-1](XmlBeanDefinitionReader.java:315) - Loading XML bean definitions from class path resource [applicationContext.xml]
2016-09-07 17:55:02 INFO [localhost-startStop-1](ClassPathScanningCandidateComponentProvider.java:231) - JSR-250 'javax.annotation.ManagedBean' found and supported for component scanning
2016-09-07 17:55:02 ERROR [localhost-startStop-1](ContextLoader.java:319) - Context initialization failed
org.springframework.beans.factory.BeanDefinitionStoreException: Failed to read candidate component class: file [C:\MyProject\ken\blog\src\main\webapp\WEB-INF\classes\org\bedoing\blog\commons\BrowserCache.class]; nested exception is org.springframework.core.NestedIOException: ASM ClassReader failed to parse class file - probably due to a new Java class file version that isn't supported yet: file [C:\MyProject\ken\blog\src\main\webapp\WEB-INF\classes\org\bedoing\blog\commons\BrowserCache.class]; nested exception is java.lang.IllegalArgumentException
	at org.springframework.context.annotation.ClassPathScanningCandidateComponentProvider.findCandidateComponents(ClassPathScanningCandidateComponentProvider.java:290)
	at org.springframework.context.annotation.ClassPathBeanDefinitionScanner.doScan(ClassPathBeanDefinitionScanner.java:242)
	at org.springframework.context.annotation.ComponentScanBeanDefinitionParser.parse(ComponentScanBeanDefinitionParser.java:84)
	at org.springframework.beans.factory.xml.NamespaceHandlerSupport.parse(NamespaceHandlerSupport.java:73)
	at org.springframework.beans.factory.xml.BeanDefinitionParserDelegate.parseCustomElement(BeanDefinitionParserDelegate.java:1438)
	at org.springframework.beans.factory.xml.BeanDefinitionParserDelegate.parseCustomElement(BeanDefinitionParserDelegate.java:1428)
	at org.springframework.beans.factory.xml.DefaultBeanDefinitionDocumentReader.parseBeanDefinitions(DefaultBeanDefinitionDocumentReader.java:185)
	at org.springframework.beans.factory.xml.DefaultBeanDefinitionDocumentReader.doRegisterBeanDefinitions(DefaultBeanDefinitionDocumentReader.java:139)
	at org.springframework.beans.factory.xml.DefaultBeanDefinitionDocumentReader.registerBeanDefinitions(DefaultBeanDefinitionDocumentReader.java:108)
	at org.springframework.beans.factory.xml.XmlBeanDefinitionReader.registerBeanDefinitions(XmlBeanDefinitionReader.java:493)
	at org.springframework.beans.factory.xml.XmlBeanDefinitionReader.doLoadBeanDefinitions(XmlBeanDefinitionReader.java:390)
	at org.springframework.beans.factory.xml.XmlBeanDefinitionReader.loadBeanDefinitions(XmlBeanDefinitionReader.java:334)
	at org.springframework.beans.factory.xml.XmlBeanDefinitionReader.loadBeanDefinitions(XmlBeanDefinitionReader.java:302)
	at org.springframework.beans.factory.support.AbstractBeanDefinitionReader.loadBeanDefinitions(AbstractBeanDefinitionReader.java:174)
	at org.springframework.beans.factory.support.AbstractBeanDefinitionReader.loadBeanDefinitions(AbstractBeanDefinitionReader.java:209)
	at org.springframework.beans.factory.support.AbstractBeanDefinitionReader.loadBeanDefinitions(AbstractBeanDefinitionReader.java:180)
	at org.springframework.web.context.support.XmlWebApplicationContext.loadBeanDefinitions(XmlWebApplicationContext.java:125)
	at org.springframework.web.context.support.XmlWebApplicationContext.loadBeanDefinitions(XmlWebApplicationContext.java:94)
	at org.springframework.context.support.AbstractRefreshableApplicationContext.refreshBeanFactory(AbstractRefreshableApplicationContext.java:130)
	at org.springframework.context.support.AbstractApplicationContext.obtainFreshBeanFactory(AbstractApplicationContext.java:537)
	at org.springframework.context.support.AbstractApplicationContext.refresh(AbstractApplicationContext.java:451)
	at org.springframework.web.context.ContextLoader.configureAndRefreshWebApplicationContext(ContextLoader.java:389)
	at org.springframework.web.context.ContextLoader.initWebApplicationContext(ContextLoader.java:294)
	at org.springframework.web.context.ContextLoaderListener.contextInitialized(ContextLoaderListener.java:112)
	at org.apache.catalina.core.StandardContext.listenerStart(StandardContext.java:4939)
	at org.apache.catalina.core.StandardContext.startInternal(StandardContext.java:5434)
	at org.apache.catalina.util.LifecycleBase.start(LifecycleBase.java:150)
	at org.apache.catalina.core.ContainerBase$StartChild.call(ContainerBase.java:1559)
	at org.apache.catalina.core.ContainerBase$StartChild.call(ContainerBase.java:1549)
	at java.util.concurrent.FutureTask.run(FutureTask.java:266)
	at java.util.concurrent.ThreadPoolExecutor.runWorker(ThreadPoolExecutor.java:1142)
	at java.util.concurrent.ThreadPoolExecutor$Worker.run(ThreadPoolExecutor.java:617)
	at java.lang.Thread.run(Thread.java:745)
Caused by: org.springframework.core.NestedIOException: ASM ClassReader failed to parse class file - probably due to a new Java class file version that isn't supported yet: file [C:\MyProject\ken\blog\src\main\webapp\WEB-INF\classes\org\bedoing\blog\commons\BrowserCache.class]; nested exception is java.lang.IllegalArgumentException
	at org.springframework.core.type.classreading.SimpleMetadataReader.<init>(SimpleMetadataReader.java:56)
	at org.springframework.core.type.classreading.SimpleMetadataReaderFactory.getMetadataReader(SimpleMetadataReaderFactory.java:80)
	at org.springframework.core.type.classreading.CachingMetadataReaderFactory.getMetadataReader(CachingMetadataReaderFactory.java:102)
	at org.springframework.context.annotation.ClassPathScanningCandidateComponentProvider.findCandidateComponents(ClassPathScanningCandidateComponentProvider.java:266)
	... 32 more
Caused by: java.lang.IllegalArgumentException
	at org.springframework.asm.ClassReader.<init>(Unknown Source)
	at org.springframework.asm.ClassReader.<init>(Unknown Source)
	at org.springframework.asm.ClassReader.<init>(Unknown Source)
	at org.springframework.core.type.classreading.SimpleMetadataReader.<init>(SimpleMetadataReader.java:53)
	... 35 more
2016-09-07 17:55:02 INFO [localhost-startStop-1](AbstractApplicationContext.java:1042) - Closing Root WebApplicationContext: startup date [Wed Sep 07 17:55:01 CST 2016]; root of context hierarchy
2016-09-07 17:55:02 WARN [localhost-startStop-1](AbstractApplicationContext.java:1052) - Exception thrown from ApplicationListener handling ContextClosedEvent
java.lang.IllegalStateException: ApplicationEventMulticaster not initialized - call 'refresh' before multicasting events via the context: Root WebApplicationContext: startup date [Wed Sep 07 17:55:01 CST 2016]; root of context hierarchy
	at org.springframework.context.support.AbstractApplicationContext.getApplicationEventMulticaster(AbstractApplicationContext.java:347)
	at org.springframework.context.support.AbstractApplicationContext.publishEvent(AbstractApplicationContext.java:334)
	at org.springframework.context.support.AbstractApplicationContext.doClose(AbstractApplicationContext.java:1049)
	at org.springframework.context.support.AbstractApplicationContext.close(AbstractApplicationContext.java:1010)
	at org.springframework.web.context.ContextLoader.closeWebApplicationContext(ContextLoader.java:559)
	at org.springframework.web.context.ContextLoaderListener.contextDestroyed(ContextLoaderListener.java:143)
	at org.apache.catalina.core.StandardContext.listenerStop(StandardContext.java:4980)
	at org.apache.catalina.core.StandardContext.stopInternal(StandardContext.java:5626)
	at org.apache.catalina.util.LifecycleBase.stop(LifecycleBase.java:232)
	at org.apache.catalina.util.LifecycleBase.start(LifecycleBase.java:160)
	at org.apache.catalina.core.ContainerBase$StartChild.call(ContainerBase.java:1559)
	at org.apache.catalina.core.ContainerBase$StartChild.call(ContainerBase.java:1549)
	at java.util.concurrent.FutureTask.run(FutureTask.java:266)
	at java.util.concurrent.ThreadPoolExecutor.runWorker(ThreadPoolExecutor.java:1142)
	at java.util.concurrent.ThreadPoolExecutor$Worker.run(ThreadPoolExecutor.java:617)
	at java.lang.Thread.run(Thread.java:745)
2016-09-07 17:55:02 WARN [localhost-startStop-1](AbstractApplicationContext.java:1060) - Exception thrown from LifecycleProcessor on context close
java.lang.IllegalStateException: LifecycleProcessor not initialized - call 'refresh' before invoking lifecycle methods via the context: Root WebApplicationContext: startup date [Wed Sep 07 17:55:01 CST 2016]; root of context hierarchy
	at org.springframework.context.support.AbstractApplicationContext.getLifecycleProcessor(AbstractApplicationContext.java:360)
	at org.springframework.context.support.AbstractApplicationContext.doClose(AbstractApplicationContext.java:1057)
	at org.springframework.context.support.AbstractApplicationContext.close(AbstractApplicationContext.java:1010)
	at org.springframework.web.context.ContextLoader.closeWebApplicationContext(ContextLoader.java:559)
	at org.springframework.web.context.ContextLoaderListener.contextDestroyed(ContextLoaderListener.java:143)
	at org.apache.catalina.core.StandardContext.listenerStop(StandardContext.java:4980)
	at org.apache.catalina.core.StandardContext.stopInternal(StandardContext.java:5626)
	at org.apache.catalina.util.LifecycleBase.stop(LifecycleBase.java:232)
	at org.apache.catalina.util.LifecycleBase.start(LifecycleBase.java:160)
	at org.apache.catalina.core.ContainerBase$StartChild.call(ContainerBase.java:1559)
	at org.apache.catalina.core.ContainerBase$StartChild.call(ContainerBase.java:1549)
	at java.util.concurrent.FutureTask.run(FutureTask.java:266)
	at java.util.concurrent.ThreadPoolExecutor.runWorker(ThreadPoolExecutor.java:1142)
	at java.util.concurrent.ThreadPoolExecutor$Worker.run(ThreadPoolExecutor.java:617)
	at java.lang.Thread.run(Thread.java:745)
2016-09-07 17:56:55 INFO [localhost-startStop-1](ContextLoader.java:273) - Root WebApplicationContext: initialization started
2016-09-07 17:56:55 INFO [localhost-startStop-1](AbstractApplicationContext.java:510) - Refreshing Root WebApplicationContext: startup date [Wed Sep 07 17:56:55 CST 2016]; root of context hierarchy
2016-09-07 17:56:55 INFO [localhost-startStop-1](XmlBeanDefinitionReader.java:315) - Loading XML bean definitions from class path resource [applicationContext.xml]
2016-09-07 17:56:56 INFO [localhost-startStop-1](ClassPathScanningCandidateComponentProvider.java:231) - JSR-250 'javax.annotation.ManagedBean' found and supported for component scanning
2016-09-07 17:56:56 ERROR [localhost-startStop-1](ContextLoader.java:319) - Context initialization failed
org.springframework.beans.factory.BeanDefinitionStoreException: Failed to read candidate component class: file [C:\MyProject\ken\blog\src\main\webapp\WEB-INF\classes\org\bedoing\blog\commons\BrowserCache.class]; nested exception is org.springframework.core.NestedIOException: ASM ClassReader failed to parse class file - probably due to a new Java class file version that isn't supported yet: file [C:\MyProject\ken\blog\src\main\webapp\WEB-INF\classes\org\bedoing\blog\commons\BrowserCache.class]; nested exception is java.lang.IllegalArgumentException
	at org.springframework.context.annotation.ClassPathScanningCandidateComponentProvider.findCandidateComponents(ClassPathScanningCandidateComponentProvider.java:290)
	at org.springframework.context.annotation.ClassPathBeanDefinitionScanner.doScan(ClassPathBeanDefinitionScanner.java:242)
	at org.springframework.context.annotation.ComponentScanBeanDefinitionParser.parse(ComponentScanBeanDefinitionParser.java:84)
	at org.springframework.beans.factory.xml.NamespaceHandlerSupport.parse(NamespaceHandlerSupport.java:73)
	at org.springframework.beans.factory.xml.BeanDefinitionParserDelegate.parseCustomElement(BeanDefinitionParserDelegate.java:1438)
	at org.springframework.beans.factory.xml.BeanDefinitionParserDelegate.parseCustomElement(BeanDefinitionParserDelegate.java:1428)
	at org.springframework.beans.factory.xml.DefaultBeanDefinitionDocumentReader.parseBeanDefinitions(DefaultBeanDefinitionDocumentReader.java:185)
	at org.springframework.beans.factory.xml.DefaultBeanDefinitionDocumentReader.doRegisterBeanDefinitions(DefaultBeanDefinitionDocumentReader.java:139)
	at org.springframework.beans.factory.xml.DefaultBeanDefinitionDocumentReader.registerBeanDefinitions(DefaultBeanDefinitionDocumentReader.java:108)
	at org.springframework.beans.factory.xml.XmlBeanDefinitionReader.registerBeanDefinitions(XmlBeanDefinitionReader.java:493)
	at org.springframework.beans.factory.xml.XmlBeanDefinitionReader.doLoadBeanDefinitions(XmlBeanDefinitionReader.java:390)
	at org.springframework.beans.factory.xml.XmlBeanDefinitionReader.loadBeanDefinitions(XmlBeanDefinitionReader.java:334)
	at org.springframework.beans.factory.xml.XmlBeanDefinitionReader.loadBeanDefinitions(XmlBeanDefinitionReader.java:302)
	at org.springframework.beans.factory.support.AbstractBeanDefinitionReader.loadBeanDefinitions(AbstractBeanDefinitionReader.java:174)
	at org.springframework.beans.factory.support.AbstractBeanDefinitionReader.loadBeanDefinitions(AbstractBeanDefinitionReader.java:209)
	at org.springframework.beans.factory.support.AbstractBeanDefinitionReader.loadBeanDefinitions(AbstractBeanDefinitionReader.java:180)
	at org.springframework.web.context.support.XmlWebApplicationContext.loadBeanDefinitions(XmlWebApplicationContext.java:125)
	at org.springframework.web.context.support.XmlWebApplicationContext.loadBeanDefinitions(XmlWebApplicationContext.java:94)
	at org.springframework.context.support.AbstractRefreshableApplicationContext.refreshBeanFactory(AbstractRefreshableApplicationContext.java:130)
	at org.springframework.context.support.AbstractApplicationContext.obtainFreshBeanFactory(AbstractApplicationContext.java:537)
	at org.springframework.context.support.AbstractApplicationContext.refresh(AbstractApplicationContext.java:451)
	at org.springframework.web.context.ContextLoader.configureAndRefreshWebApplicationContext(ContextLoader.java:389)
	at org.springframework.web.context.ContextLoader.initWebApplicationContext(ContextLoader.java:294)
	at org.springframework.web.context.ContextLoaderListener.contextInitialized(ContextLoaderListener.java:112)
	at org.apache.catalina.core.StandardContext.listenerStart(StandardContext.java:4939)
	at org.apache.catalina.core.StandardContext.startInternal(StandardContext.java:5434)
	at org.apache.catalina.util.LifecycleBase.start(LifecycleBase.java:150)
	at org.apache.catalina.core.ContainerBase$StartChild.call(ContainerBase.java:1559)
	at org.apache.catalina.core.ContainerBase$StartChild.call(ContainerBase.java:1549)
	at java.util.concurrent.FutureTask.run(FutureTask.java:266)
	at java.util.concurrent.ThreadPoolExecutor.runWorker(ThreadPoolExecutor.java:1142)
	at java.util.concurrent.ThreadPoolExecutor$Worker.run(ThreadPoolExecutor.java:617)
	at java.lang.Thread.run(Thread.java:745)
Caused by: org.springframework.core.NestedIOException: ASM ClassReader failed to parse class file - probably due to a new Java class file version that isn't supported yet: file [C:\MyProject\ken\blog\src\main\webapp\WEB-INF\classes\org\bedoing\blog\commons\BrowserCache.class]; nested exception is java.lang.IllegalArgumentException
	at org.springframework.core.type.classreading.SimpleMetadataReader.<init>(SimpleMetadataReader.java:56)
	at org.springframework.core.type.classreading.SimpleMetadataReaderFactory.getMetadataReader(SimpleMetadataReaderFactory.java:80)
	at org.springframework.core.type.classreading.CachingMetadataReaderFactory.getMetadataReader(CachingMetadataReaderFactory.java:102)
	at org.springframework.context.annotation.ClassPathScanningCandidateComponentProvider.findCandidateComponents(ClassPathScanningCandidateComponentProvider.java:266)
	... 32 more
Caused by: java.lang.IllegalArgumentException
	at org.springframework.asm.ClassReader.<init>(Unknown Source)
	at org.springframework.asm.ClassReader.<init>(Unknown Source)
	at org.springframework.asm.ClassReader.<init>(Unknown Source)
	at org.springframework.core.type.classreading.SimpleMetadataReader.<init>(SimpleMetadataReader.java:53)
	... 35 more
2016-09-07 17:56:56 INFO [localhost-startStop-1](AbstractApplicationContext.java:1042) - Closing Root WebApplicationContext: startup date [Wed Sep 07 17:56:55 CST 2016]; root of context hierarchy
2016-09-07 17:56:56 WARN [localhost-startStop-1](AbstractApplicationContext.java:1052) - Exception thrown from ApplicationListener handling ContextClosedEvent
java.lang.IllegalStateException: ApplicationEventMulticaster not initialized - call 'refresh' before multicasting events via the context: Root WebApplicationContext: startup date [Wed Sep 07 17:56:55 CST 2016]; root of context hierarchy
	at org.springframework.context.support.AbstractApplicationContext.getApplicationEventMulticaster(AbstractApplicationContext.java:347)
	at org.springframework.context.support.AbstractApplicationContext.publishEvent(AbstractApplicationContext.java:334)
	at org.springframework.context.support.AbstractApplicationContext.doClose(AbstractApplicationContext.java:1049)
	at org.springframework.context.support.AbstractApplicationContext.close(AbstractApplicationContext.java:1010)
	at org.springframework.web.context.ContextLoader.closeWebApplicationContext(ContextLoader.java:559)
	at org.springframework.web.context.ContextLoaderListener.contextDestroyed(ContextLoaderListener.java:143)
	at org.apache.catalina.core.StandardContext.listenerStop(StandardContext.java:4980)
	at org.apache.catalina.core.StandardContext.stopInternal(StandardContext.java:5626)
	at org.apache.catalina.util.LifecycleBase.stop(LifecycleBase.java:232)
	at org.apache.catalina.util.LifecycleBase.start(LifecycleBase.java:160)
	at org.apache.catalina.core.ContainerBase$StartChild.call(ContainerBase.java:1559)
	at org.apache.catalina.core.ContainerBase$StartChild.call(ContainerBase.java:1549)
	at java.util.concurrent.FutureTask.run(FutureTask.java:266)
	at java.util.concurrent.ThreadPoolExecutor.runWorker(ThreadPoolExecutor.java:1142)
	at java.util.concurrent.ThreadPoolExecutor$Worker.run(ThreadPoolExecutor.java:617)
	at java.lang.Thread.run(Thread.java:745)
2016-09-07 17:56:56 WARN [localhost-startStop-1](AbstractApplicationContext.java:1060) - Exception thrown from LifecycleProcessor on context close
java.lang.IllegalStateException: LifecycleProcessor not initialized - call 'refresh' before invoking lifecycle methods via the context: Root WebApplicationContext: startup date [Wed Sep 07 17:56:55 CST 2016]; root of context hierarchy
	at org.springframework.context.support.AbstractApplicationContext.getLifecycleProcessor(AbstractApplicationContext.java:360)
	at org.springframework.context.support.AbstractApplicationContext.doClose(AbstractApplicationContext.java:1057)
	at org.springframework.context.support.AbstractApplicationContext.close(AbstractApplicationContext.java:1010)
	at org.springframework.web.context.ContextLoader.closeWebApplicationContext(ContextLoader.java:559)
	at org.springframework.web.context.ContextLoaderListener.contextDestroyed(ContextLoaderListener.java:143)
	at org.apache.catalina.core.StandardContext.listenerStop(StandardContext.java:4980)
	at org.apache.catalina.core.StandardContext.stopInternal(StandardContext.java:5626)
	at org.apache.catalina.util.LifecycleBase.stop(LifecycleBase.java:232)
	at org.apache.catalina.util.LifecycleBase.start(LifecycleBase.java:160)
	at org.apache.catalina.core.ContainerBase$StartChild.call(ContainerBase.java:1559)
	at org.apache.catalina.core.ContainerBase$StartChild.call(ContainerBase.java:1549)
	at java.util.concurrent.FutureTask.run(FutureTask.java:266)
	at java.util.concurrent.ThreadPoolExecutor.runWorker(ThreadPoolExecutor.java:1142)
	at java.util.concurrent.ThreadPoolExecutor$Worker.run(ThreadPoolExecutor.java:617)
	at java.lang.Thread.run(Thread.java:745)
2016-09-07 17:59:33 INFO [localhost-startStop-1](ContextLoader.java:273) - Root WebApplicationContext: initialization started
2016-09-07 17:59:33 INFO [localhost-startStop-1](AbstractApplicationContext.java:510) - Refreshing Root WebApplicationContext: startup date [Wed Sep 07 17:59:33 CST 2016]; root of context hierarchy
2016-09-07 17:59:33 INFO [localhost-startStop-1](XmlBeanDefinitionReader.java:315) - Loading XML bean definitions from class path resource [applicationContext.xml]
2016-09-07 17:59:34 INFO [localhost-startStop-1](ClassPathScanningCandidateComponentProvider.java:231) - JSR-250 'javax.annotation.ManagedBean' found and supported for component scanning
2016-09-07 17:59:34 ERROR [localhost-startStop-1](ContextLoader.java:319) - Context initialization failed
org.springframework.beans.factory.BeanDefinitionStoreException: Failed to read candidate component class: file [C:\MyProject\ken\blog\src\main\webapp\WEB-INF\classes\org\bedoing\blog\commons\BrowserCache.class]; nested exception is org.springframework.core.NestedIOException: ASM ClassReader failed to parse class file - probably due to a new Java class file version that isn't supported yet: file [C:\MyProject\ken\blog\src\main\webapp\WEB-INF\classes\org\bedoing\blog\commons\BrowserCache.class]; nested exception is java.lang.IllegalArgumentException
	at org.springframework.context.annotation.ClassPathScanningCandidateComponentProvider.findCandidateComponents(ClassPathScanningCandidateComponentProvider.java:290)
	at org.springframework.context.annotation.ClassPathBeanDefinitionScanner.doScan(ClassPathBeanDefinitionScanner.java:242)
	at org.springframework.context.annotation.ComponentScanBeanDefinitionParser.parse(ComponentScanBeanDefinitionParser.java:84)
	at org.springframework.beans.factory.xml.NamespaceHandlerSupport.parse(NamespaceHandlerSupport.java:73)
	at org.springframework.beans.factory.xml.BeanDefinitionParserDelegate.parseCustomElement(BeanDefinitionParserDelegate.java:1438)
	at org.springframework.beans.factory.xml.BeanDefinitionParserDelegate.parseCustomElement(BeanDefinitionParserDelegate.java:1428)
	at org.springframework.beans.factory.xml.DefaultBeanDefinitionDocumentReader.parseBeanDefinitions(DefaultBeanDefinitionDocumentReader.java:185)
	at org.springframework.beans.factory.xml.DefaultBeanDefinitionDocumentReader.doRegisterBeanDefinitions(DefaultBeanDefinitionDocumentReader.java:139)
	at org.springframework.beans.factory.xml.DefaultBeanDefinitionDocumentReader.registerBeanDefinitions(DefaultBeanDefinitionDocumentReader.java:108)
	at org.springframework.beans.factory.xml.XmlBeanDefinitionReader.registerBeanDefinitions(XmlBeanDefinitionReader.java:493)
	at org.springframework.beans.factory.xml.XmlBeanDefinitionReader.doLoadBeanDefinitions(XmlBeanDefinitionReader.java:390)
	at org.springframework.beans.factory.xml.XmlBeanDefinitionReader.loadBeanDefinitions(XmlBeanDefinitionReader.java:334)
	at org.springframework.beans.factory.xml.XmlBeanDefinitionReader.loadBeanDefinitions(XmlBeanDefinitionReader.java:302)
	at org.springframework.beans.factory.support.AbstractBeanDefinitionReader.loadBeanDefinitions(AbstractBeanDefinitionReader.java:174)
	at org.springframework.beans.factory.support.AbstractBeanDefinitionReader.loadBeanDefinitions(AbstractBeanDefinitionReader.java:209)
	at org.springframework.beans.factory.support.AbstractBeanDefinitionReader.loadBeanDefinitions(AbstractBeanDefinitionReader.java:180)
	at org.springframework.web.context.support.XmlWebApplicationContext.loadBeanDefinitions(XmlWebApplicationContext.java:125)
	at org.springframework.web.context.support.XmlWebApplicationContext.loadBeanDefinitions(XmlWebApplicationContext.java:94)
	at org.springframework.context.support.AbstractRefreshableApplicationContext.refreshBeanFactory(AbstractRefreshableApplicationContext.java:130)
	at org.springframework.context.support.AbstractApplicationContext.obtainFreshBeanFactory(AbstractApplicationContext.java:537)
	at org.springframework.context.support.AbstractApplicationContext.refresh(AbstractApplicationContext.java:451)
	at org.springframework.web.context.ContextLoader.configureAndRefreshWebApplicationContext(ContextLoader.java:389)
	at org.springframework.web.context.ContextLoader.initWebApplicationContext(ContextLoader.java:294)
	at org.springframework.web.context.ContextLoaderListener.contextInitialized(ContextLoaderListener.java:112)
	at org.apache.catalina.core.StandardContext.listenerStart(StandardContext.java:4939)
	at org.apache.catalina.core.StandardContext.startInternal(StandardContext.java:5434)
	at org.apache.catalina.util.LifecycleBase.start(LifecycleBase.java:150)
	at org.apache.catalina.core.ContainerBase$StartChild.call(ContainerBase.java:1559)
	at org.apache.catalina.core.ContainerBase$StartChild.call(ContainerBase.java:1549)
	at java.util.concurrent.FutureTask.run(FutureTask.java:266)
	at java.util.concurrent.ThreadPoolExecutor.runWorker(ThreadPoolExecutor.java:1142)
	at java.util.concurrent.ThreadPoolExecutor$Worker.run(ThreadPoolExecutor.java:617)
	at java.lang.Thread.run(Thread.java:745)
Caused by: org.springframework.core.NestedIOException: ASM ClassReader failed to parse class file - probably due to a new Java class file version that isn't supported yet: file [C:\MyProject\ken\blog\src\main\webapp\WEB-INF\classes\org\bedoing\blog\commons\BrowserCache.class]; nested exception is java.lang.IllegalArgumentException
	at org.springframework.core.type.classreading.SimpleMetadataReader.<init>(SimpleMetadataReader.java:56)
	at org.springframework.core.type.classreading.SimpleMetadataReaderFactory.getMetadataReader(SimpleMetadataReaderFactory.java:80)
	at org.springframework.core.type.classreading.CachingMetadataReaderFactory.getMetadataReader(CachingMetadataReaderFactory.java:102)
	at org.springframework.context.annotation.ClassPathScanningCandidateComponentProvider.findCandidateComponents(ClassPathScanningCandidateComponentProvider.java:266)
	... 32 more
Caused by: java.lang.IllegalArgumentException
	at org.springframework.asm.ClassReader.<init>(Unknown Source)
	at org.springframework.asm.ClassReader.<init>(Unknown Source)
	at org.springframework.asm.ClassReader.<init>(Unknown Source)
	at org.springframework.core.type.classreading.SimpleMetadataReader.<init>(SimpleMetadataReader.java:53)
	... 35 more
2016-09-07 17:59:34 INFO [localhost-startStop-1](AbstractApplicationContext.java:1042) - Closing Root WebApplicationContext: startup date [Wed Sep 07 17:59:33 CST 2016]; root of context hierarchy
2016-09-07 17:59:34 WARN [localhost-startStop-1](AbstractApplicationContext.java:1052) - Exception thrown from ApplicationListener handling ContextClosedEvent
java.lang.IllegalStateException: ApplicationEventMulticaster not initialized - call 'refresh' before multicasting events via the context: Root WebApplicationContext: startup date [Wed Sep 07 17:59:33 CST 2016]; root of context hierarchy
	at org.springframework.context.support.AbstractApplicationContext.getApplicationEventMulticaster(AbstractApplicationContext.java:347)
	at org.springframework.context.support.AbstractApplicationContext.publishEvent(AbstractApplicationContext.java:334)
	at org.springframework.context.support.AbstractApplicationContext.doClose(AbstractApplicationContext.java:1049)
	at org.springframework.context.support.AbstractApplicationContext.close(AbstractApplicationContext.java:1010)
	at org.springframework.web.context.ContextLoader.closeWebApplicationContext(ContextLoader.java:559)
	at org.springframework.web.context.ContextLoaderListener.contextDestroyed(ContextLoaderListener.java:143)
	at org.apache.catalina.core.StandardContext.listenerStop(StandardContext.java:4980)
	at org.apache.catalina.core.StandardContext.stopInternal(StandardContext.java:5626)
	at org.apache.catalina.util.LifecycleBase.stop(LifecycleBase.java:232)
	at org.apache.catalina.util.LifecycleBase.start(LifecycleBase.java:160)
	at org.apache.catalina.core.ContainerBase$StartChild.call(ContainerBase.java:1559)
	at org.apache.catalina.core.ContainerBase$StartChild.call(ContainerBase.java:1549)
	at java.util.concurrent.FutureTask.run(FutureTask.java:266)
	at java.util.concurrent.ThreadPoolExecutor.runWorker(ThreadPoolExecutor.java:1142)
	at java.util.concurrent.ThreadPoolExecutor$Worker.run(ThreadPoolExecutor.java:617)
	at java.lang.Thread.run(Thread.java:745)
2016-09-07 17:59:34 WARN [localhost-startStop-1](AbstractApplicationContext.java:1060) - Exception thrown from LifecycleProcessor on context close
java.lang.IllegalStateException: LifecycleProcessor not initialized - call 'refresh' before invoking lifecycle methods via the context: Root WebApplicationContext: startup date [Wed Sep 07 17:59:33 CST 2016]; root of context hierarchy
	at org.springframework.context.support.AbstractApplicationContext.getLifecycleProcessor(AbstractApplicationContext.java:360)
	at org.springframework.context.support.AbstractApplicationContext.doClose(AbstractApplicationContext.java:1057)
	at org.springframework.context.support.AbstractApplicationContext.close(AbstractApplicationContext.java:1010)
	at org.springframework.web.context.ContextLoader.closeWebApplicationContext(ContextLoader.java:559)
	at org.springframework.web.context.ContextLoaderListener.contextDestroyed(ContextLoaderListener.java:143)
	at org.apache.catalina.core.StandardContext.listenerStop(StandardContext.java:4980)
	at org.apache.catalina.core.StandardContext.stopInternal(StandardContext.java:5626)
	at org.apache.catalina.util.LifecycleBase.stop(LifecycleBase.java:232)
	at org.apache.catalina.util.LifecycleBase.start(LifecycleBase.java:160)
	at org.apache.catalina.core.ContainerBase$StartChild.call(ContainerBase.java:1559)
	at org.apache.catalina.core.ContainerBase$StartChild.call(ContainerBase.java:1549)
	at java.util.concurrent.FutureTask.run(FutureTask.java:266)
	at java.util.concurrent.ThreadPoolExecutor.runWorker(ThreadPoolExecutor.java:1142)
	at java.util.concurrent.ThreadPoolExecutor$Worker.run(ThreadPoolExecutor.java:617)
	at java.lang.Thread.run(Thread.java:745)
